{
  "stats": {
    "suites": 2,
    "tests": 19,
    "passes": 17,
    "pending": 0,
    "failures": 2,
    "start": "2026-01-27T12:35:50.724Z",
    "end": "2026-01-27T12:36:26.362Z",
    "duration": 35638,
    "testsRegistered": 19,
    "passPercent": 89.47368421052632,
    "pendingPercent": 0,
    "other": 0,
    "hasOther": false,
    "skipped": 0,
    "hasSkipped": false
  },
  "results": [
    {
      "uuid": "2900b072-2cfe-4ea9-ab70-4de2872a7279",
      "title": "",
      "fullFile": "cypress\\e2e\\registration.cy.js",
      "file": "cypress\\e2e\\registration.cy.js",
      "beforeHooks": [],
      "afterHooks": [],
      "tests": [],
      "suites": [
        {
          "uuid": "d2c4b0c5-72ab-44a3-a501-7adbc504b779",
          "title": "Registration form - validation",
          "fullFile": "",
          "file": "",
          "beforeHooks": [],
          "afterHooks": [],
          "tests": [
            {
              "title": "All fields empty - errors and Registration disabled",
              "fullTitle": "Registration form - validation All fields empty - errors and Registration disabled",
              "timedOut": null,
              "duration": 1502,
              "state": "passed",
              "speed": "fast",
              "pass": true,
              "fail": false,
              "pending": false,
              "context": null,
              "code": "// mark fields as touched\ncy.get(\"#signupName\").click();\ncy.get(\"#signupLastName\").click();\ncy.get(\"#signupEmail\").click();\ncy.get(\"#signupPassword\").click();\ncy.get(\"#signupRepeatPassword\").click();\n// submit empty form\ncy.contains(\".modal-footer button\", \"Register\").click({\n  force: true\n});\n// verify error messages\ncy.contains(\"Name required\");\ncy.contains(\"Last name required\");\ncy.contains(\"Email required\");\ncy.contains(\"Password required\");\ncy.contains(\"Re-enter password\");\n// verify invalid classes\ncy.get(\"#signupName\").should(\"have.class\", \"is-invalid\");\ncy.get(\"#signupLastName\").should(\"have.class\", \"is-invalid\");\ncy.get(\"#signupEmail\").should(\"have.class\", \"is-invalid\");\ncy.get(\"#signupPassword\").should(\"have.class\", \"is-invalid\");\ncy.get(\"#signupRepeatPassword\").should(\"have.class\", \"is-invalid\");\n// Register button disabled\ncy.contains(\".modal-footer button\", \"Register\").should(\"be.disabled\");",
              "err": {},
              "uuid": "fb74ed61-503a-4b72-a2c0-77d37597db1b",
              "parentUUID": "d2c4b0c5-72ab-44a3-a501-7adbc504b779",
              "isHook": false,
              "skipped": false
            },
            {
              "title": "Name invalid symbols",
              "fullTitle": "Registration form - validation Name invalid symbols",
              "timedOut": null,
              "duration": 856,
              "state": "passed",
              "speed": "fast",
              "pass": true,
              "fail": false,
              "pending": false,
              "context": null,
              "code": "cy.get(\"#signupName\").type(\"12@\");\ncy.get(\"#signupLastName\").click();\ncy.contains(\"Name is invalid\");",
              "err": {},
              "uuid": "833f353e-d5b1-40e3-823d-188c245b9390",
              "parentUUID": "d2c4b0c5-72ab-44a3-a501-7adbc504b779",
              "isHook": false,
              "skipped": false
            },
            {
              "title": "Name too short",
              "fullTitle": "Registration form - validation Name too short",
              "timedOut": null,
              "duration": 967,
              "state": "passed",
              "speed": "fast",
              "pass": true,
              "fail": false,
              "pending": false,
              "context": null,
              "code": "cy.get(\"#signupName\").type(\"A\");\ncy.get(\"#signupLastName\").click();\ncy.contains(\"Name has to be from 2 to 20 characters long\");",
              "err": {},
              "uuid": "9088f68d-aeed-4c02-8843-054080bf4d84",
              "parentUUID": "d2c4b0c5-72ab-44a3-a501-7adbc504b779",
              "isHook": false,
              "skipped": false
            },
            {
              "title": "Name max length = 20 is valid",
              "fullTitle": "Registration form - validation Name max length = 20 is valid",
              "timedOut": null,
              "duration": 1193,
              "state": "passed",
              "speed": "fast",
              "pass": true,
              "fail": false,
              "pending": false,
              "context": null,
              "code": "cy.get(\"#signupName\").type(\"A\".repeat(20));\ncy.get(\"#signupLastName\").click();\ncy.get(\"#signupName\").should(\"not.have.class\", \"is-invalid\");",
              "err": {},
              "uuid": "81a338f5-7274-4bba-b5b4-f3f20ed43eda",
              "parentUUID": "d2c4b0c5-72ab-44a3-a501-7adbc504b779",
              "isHook": false,
              "skipped": false
            },
            {
              "title": "Name more than 20 characters shows error",
              "fullTitle": "Registration form - validation Name more than 20 characters shows error",
              "timedOut": null,
              "duration": 1222,
              "state": "passed",
              "speed": "fast",
              "pass": true,
              "fail": false,
              "pending": false,
              "context": null,
              "code": "cy.get(\"#signupName\").type(\"A\".repeat(21));\ncy.get(\"#signupLastName\").click();\ncy.contains(\"Name has to be from 2 to 20 characters long\");",
              "err": {},
              "uuid": "037c1c10-8e38-4334-9276-e05ac098fb1d",
              "parentUUID": "d2c4b0c5-72ab-44a3-a501-7adbc504b779",
              "isHook": false,
              "skipped": false
            },
            {
              "title": "Name with spaces is invalid",
              "fullTitle": "Registration form - validation Name with spaces is invalid",
              "timedOut": null,
              "duration": 1047,
              "state": "passed",
              "speed": "fast",
              "pass": true,
              "fail": false,
              "pending": false,
              "context": null,
              "code": "cy.get(\"#signupName\").type(\"   Anna   \");\ncy.get(\"#signupLastName\").click();\ncy.get(\"#signupName\").should(\"have.class\", \"is-invalid\");",
              "err": {},
              "uuid": "ab60b76d-1e3f-4963-8b54-4b56d91f568f",
              "parentUUID": "d2c4b0c5-72ab-44a3-a501-7adbc504b779",
              "isHook": false,
              "skipped": false
            },
            {
              "title": "Last name invalid symbols",
              "fullTitle": "Registration form - validation Last name invalid symbols",
              "timedOut": null,
              "duration": 1009,
              "state": "passed",
              "speed": "fast",
              "pass": true,
              "fail": false,
              "pending": false,
              "context": null,
              "code": "cy.get(\"#signupLastName\").type(\"123\");\ncy.get(\"#signupName\").click();\ncy.contains(\"Last name is invalid\");",
              "err": {},
              "uuid": "47cbf541-4810-4a29-bb9c-2e2a6f5fa30a",
              "parentUUID": "d2c4b0c5-72ab-44a3-a501-7adbc504b779",
              "isHook": false,
              "skipped": false
            },
            {
              "title": "Last name too short",
              "fullTitle": "Registration form - validation Last name too short",
              "timedOut": null,
              "duration": 1073,
              "state": "passed",
              "speed": "fast",
              "pass": true,
              "fail": false,
              "pending": false,
              "context": null,
              "code": "cy.get(\"#signupLastName\").type(\"A\");\ncy.get(\"#signupName\").click();\ncy.contains(\"Last name has to be from 2 to 20 characters long\");",
              "err": {},
              "uuid": "ed365668-e921-445b-b654-fc486ba4f0e6",
              "parentUUID": "d2c4b0c5-72ab-44a3-a501-7adbc504b779",
              "isHook": false,
              "skipped": false
            },
            {
              "title": "Last name too long",
              "fullTitle": "Registration form - validation Last name too long",
              "timedOut": null,
              "duration": 5325,
              "state": "failed",
              "speed": null,
              "pass": false,
              "fail": true,
              "pending": false,
              "context": null,
              "code": "cy.get(\"#signupLastName\").type(\"B\".repeat(21));\ncy.get(\"#signupName\").click();\ncy.contains(\"Last name has to be from 2 to 20 characters long\");",
              "err": {
                "message": "AssertionError: Timed out retrying after 4000ms: Expected to find content: 'Last name has to be from 2 to 20 characters long' but never did.",
                "estack": "AssertionError: Timed out retrying after 4000ms: Expected to find content: 'Last name has to be from 2 to 20 characters long' but never did.\n    at Context.eval (webpack:///./cypress/e2e/registration.cy.js:100:7)",
                "diff": null
              },
              "uuid": "0ace3bd7-a3b9-4231-855a-23fedbc91e46",
              "parentUUID": "d2c4b0c5-72ab-44a3-a501-7adbc504b779",
              "isHook": false,
              "skipped": false
            },
            {
              "title": "Last name with spaces is invalid",
              "fullTitle": "Registration form - validation Last name with spaces is invalid",
              "timedOut": null,
              "duration": 1089,
              "state": "passed",
              "speed": "fast",
              "pass": true,
              "fail": false,
              "pending": false,
              "context": null,
              "code": "cy.get(\"#signupLastName\").type(\"  Smith  \");\ncy.get(\"#signupName\").click();\ncy.get(\"#signupLastName\").should(\"have.class\", \"is-invalid\");",
              "err": {},
              "uuid": "006daa5f-92ce-44b6-a0e6-b5da6b6a04b3",
              "parentUUID": "d2c4b0c5-72ab-44a3-a501-7adbc504b779",
              "isHook": false,
              "skipped": false
            },
            {
              "title": "Email invalid format",
              "fullTitle": "Registration form - validation Email invalid format",
              "timedOut": null,
              "duration": 1066,
              "state": "passed",
              "speed": "fast",
              "pass": true,
              "fail": false,
              "pending": false,
              "context": null,
              "code": "cy.get(\"#signupEmail\").type(\"test@@mail\");\ncy.get(\"#signupName\").click();\ncy.contains(\"Email is incorrect\");",
              "err": {},
              "uuid": "531d07ce-5c9b-4b09-8e2a-68dcd1f8e730",
              "parentUUID": "d2c4b0c5-72ab-44a3-a501-7adbc504b779",
              "isHook": false,
              "skipped": false
            },
            {
              "title": "Email with spaces is invalid",
              "fullTitle": "Registration form - validation Email with spaces is invalid",
              "timedOut": null,
              "duration": 1477,
              "state": "passed",
              "speed": "fast",
              "pass": true,
              "fail": false,
              "pending": false,
              "context": null,
              "code": "cy.get(\"#signupEmail\").type(\"  test@mail.com  \");\ncy.get(\"#signupName\").click();\ncy.get(\"#signupEmail\").should(\"have.class\", \"is-invalid\");",
              "err": {},
              "uuid": "b0685ce3-0bce-4812-978e-6227308a59b3",
              "parentUUID": "d2c4b0c5-72ab-44a3-a501-7adbc504b779",
              "isHook": false,
              "skipped": false
            },
            {
              "title": "Password invalid rules",
              "fullTitle": "Registration form - validation Password invalid rules",
              "timedOut": null,
              "duration": 1064,
              "state": "passed",
              "speed": "fast",
              "pass": true,
              "fail": false,
              "pending": false,
              "context": null,
              "code": "cy.get(\"#signupPassword\").type(\"abcdefg\", {\n  sensitive: true\n});\ncy.get(\"#signupName\").click();\ncy.contains(\"Password has to be from 8 to 15 characters long and contain at least one integer, one capital, and one small letter\");",
              "err": {},
              "uuid": "bae36769-f555-4827-9a1a-8cb144d5b58a",
              "parentUUID": "d2c4b0c5-72ab-44a3-a501-7adbc504b779",
              "isHook": false,
              "skipped": false
            },
            {
              "title": "Password min length = 8 is valid",
              "fullTitle": "Registration form - validation Password min length = 8 is valid",
              "timedOut": null,
              "duration": 1066,
              "state": "passed",
              "speed": "fast",
              "pass": true,
              "fail": false,
              "pending": false,
              "context": null,
              "code": "cy.get(\"#signupPassword\").type(\"Qwerty1a\", {\n  sensitive: true\n});\ncy.get(\"#signupName\").click();\ncy.get(\"#signupPassword\").should(\"not.have.class\", \"is-invalid\");",
              "err": {},
              "uuid": "f0757460-206a-4888-b529-423a1ea468bc",
              "parentUUID": "d2c4b0c5-72ab-44a3-a501-7adbc504b779",
              "isHook": false,
              "skipped": false
            },
            {
              "title": "Password max length = 15 is valid",
              "fullTitle": "Registration form - validation Password max length = 15 is valid",
              "timedOut": null,
              "duration": 1152,
              "state": "passed",
              "speed": "fast",
              "pass": true,
              "fail": false,
              "pending": false,
              "context": null,
              "code": "cy.get(\"#signupPassword\").type(\"Qwerty12345Abcd\", {\n  sensitive: true\n});\ncy.get(\"#signupName\").click();\ncy.get(\"#signupPassword\").should(\"not.have.class\", \"is-invalid\");",
              "err": {},
              "uuid": "0f26b125-b721-4111-9415-8221a134d422",
              "parentUUID": "d2c4b0c5-72ab-44a3-a501-7adbc504b779",
              "isHook": false,
              "skipped": false
            },
            {
              "title": "Repeat password required when password is filled",
              "fullTitle": "Registration form - validation Repeat password required when password is filled",
              "timedOut": null,
              "duration": 1136,
              "state": "passed",
              "speed": "fast",
              "pass": true,
              "fail": false,
              "pending": false,
              "context": null,
              "code": "cy.get(\"#signupPassword\").type(\"Qwerty1a\", {\n  sensitive: true\n});\ncy.contains(\".modal-footer button\", \"Register\").click({\n  force: true\n});\ncy.contains(\"Re-enter password\");",
              "err": {},
              "uuid": "2a4a00a9-1d5c-42c7-9a77-a3705e4678c7",
              "parentUUID": "d2c4b0c5-72ab-44a3-a501-7adbc504b779",
              "isHook": false,
              "skipped": false
            },
            {
              "title": "Passwords do not match",
              "fullTitle": "Registration form - validation Passwords do not match",
              "timedOut": null,
              "duration": 1058,
              "state": "passed",
              "speed": "fast",
              "pass": true,
              "fail": false,
              "pending": false,
              "context": null,
              "code": "cy.get(\"#signupPassword\").type(\"Qwerty1a\", {\n  sensitive: true\n});\ncy.get(\"#signupRepeatPassword\").type(\"Qwerty2a\", {\n  sensitive: true\n});\ncy.get(\"#signupName\").click();\ncy.contains(\"Passwords do not match\");",
              "err": {},
              "uuid": "dff357b9-baa6-4c1b-8456-8f86c0cfb0cd",
              "parentUUID": "d2c4b0c5-72ab-44a3-a501-7adbc504b779",
              "isHook": false,
              "skipped": false
            },
            {
              "title": "Register button enabled when form is valid",
              "fullTitle": "Registration form - validation Register button enabled when form is valid",
              "timedOut": null,
              "duration": 2540,
              "state": "passed",
              "speed": "fast",
              "pass": true,
              "fail": false,
              "pending": false,
              "context": null,
              "code": "cy.get(\"#signupName\").clear().type(\"Anna\");\ncy.get(\"#signupLastName\").clear().type(\"Smith\");\ncy.get(\"#signupEmail\").clear().type(generateEmail());\ncy.get(\"#signupPassword\").type(\"Qwerty1a\", {\n  sensitive: true\n});\ncy.get(\"#signupRepeatPassword\").type(\"Qwerty1a\", {\n  sensitive: true\n});\n// trigger validation\ncy.get(\".modal-title\").click();\n// verify Register button is enabled\ncy.contains(\".modal-footer button\", \"Register\", {\n  timeout: 10000\n}).should(\"be.enabled\");",
              "err": {},
              "uuid": "24ec1f6c-007e-4a3a-8db7-d50d073e4355",
              "parentUUID": "d2c4b0c5-72ab-44a3-a501-7adbc504b779",
              "isHook": false,
              "skipped": false
            }
          ],
          "suites": [],
          "passes": [
            "fb74ed61-503a-4b72-a2c0-77d37597db1b",
            "833f353e-d5b1-40e3-823d-188c245b9390",
            "9088f68d-aeed-4c02-8843-054080bf4d84",
            "81a338f5-7274-4bba-b5b4-f3f20ed43eda",
            "037c1c10-8e38-4334-9276-e05ac098fb1d",
            "ab60b76d-1e3f-4963-8b54-4b56d91f568f",
            "47cbf541-4810-4a29-bb9c-2e2a6f5fa30a",
            "ed365668-e921-445b-b654-fc486ba4f0e6",
            "006daa5f-92ce-44b6-a0e6-b5da6b6a04b3",
            "531d07ce-5c9b-4b09-8e2a-68dcd1f8e730",
            "b0685ce3-0bce-4812-978e-6227308a59b3",
            "bae36769-f555-4827-9a1a-8cb144d5b58a",
            "f0757460-206a-4888-b529-423a1ea468bc",
            "0f26b125-b721-4111-9415-8221a134d422",
            "2a4a00a9-1d5c-42c7-9a77-a3705e4678c7",
            "dff357b9-baa6-4c1b-8456-8f86c0cfb0cd",
            "24ec1f6c-007e-4a3a-8db7-d50d073e4355"
          ],
          "failures": [
            "0ace3bd7-a3b9-4231-855a-23fedbc91e46"
          ],
          "pending": [],
          "skipped": [],
          "duration": 25842,
          "root": false,
          "rootEmpty": false,
          "_timeout": 2000
        },
        {
          "uuid": "295e730b-3e82-492b-8341-8592a5a7e757",
          "title": "Successful registration and login",
          "fullFile": "",
          "file": "",
          "beforeHooks": [],
          "afterHooks": [],
          "tests": [
            {
              "title": "User can register, logout and login using custom command",
              "fullTitle": "Successful registration and login User can register, logout and login using custom command",
              "timedOut": null,
              "duration": 9146,
              "state": "failed",
              "speed": null,
              "pass": false,
              "fail": true,
              "pending": false,
              "context": null,
              "code": "const email = generateEmail();\nconst password = \"Qwerty1a\";\ncy.openApp();\ncy.contains(\"button\", \"Sign In\").click();\ncy.contains(\"button\", \"Registration\").click();\ncy.get(\"#signupName\").type(\"Lesia\");\ncy.get(\"#signupLastName\").type(\"Pavlenko\");\ncy.get(\"#signupEmail\").type(email);\ncy.get(\"#signupPassword\").type(password, {\n  sensitive: true\n});\ncy.get(\"#signupRepeatPassword\").type(password, {\n  sensitive: true\n});\ncy.get(\".modal-title\").click();\ncy.contains(\".modal-footer button\", \"Register\", {\n  timeout: 2000\n}).should(\"be.enabled\").click();\ncy.url().should(\"include\", \"/panel\");\n// open user menu\ncy.get(\"#userNavDropdown\").click();\ncy.contains(\"button\", \"Logout\").should(\"be.visible\").click();\n// login via custom command\ncy.login(email, password);",
              "err": {
                "message": "CypressError: Timed out retrying after 4000ms: The command was expected to run against origin `https://qauto2.forstudy.space` but the application is at origin `https://qauto.forstudy.space`.\n\nThis commonly happens when you have either not navigated to the expected origin or have navigated away unexpectedly.\n\nUsing `cy.origin()` to wrap the commands run on `https://qauto.forstudy.space` will likely fix this issue.\n\n`cy.origin('https://qauto.forstudy.space', () => {`\n`  <commands targeting https://qauto.forstudy.space go here>`\n`})`\n\nhttps://on.cypress.io/cy-visit-succeeded-but-commands-fail",
                "estack": "CypressError: Timed out retrying after 4000ms: The command was expected to run against origin `https://qauto2.forstudy.space` but the application is at origin `https://qauto.forstudy.space`.\n\nThis commonly happens when you have either not navigated to the expected origin or have navigated away unexpectedly.\n\nUsing `cy.origin()` to wrap the commands run on `https://qauto.forstudy.space` will likely fix this issue.\n\n`cy.origin('https://qauto.forstudy.space', () => {`\n`  <commands targeting https://qauto.forstudy.space go here>`\n`})`\n\nhttps://on.cypress.io/cy-visit-succeeded-but-commands-fail\n    at cypressErr (https://qauto2.forstudy.space/__cypress/runner/cypress_runner.js:78246:18)\n    at Object.errByPath (https://qauto2.forstudy.space/__cypress/runner/cypress_runner.js:78314:10)\n    at Object.commandCanCommunicateWithAUT (https://qauto2.forstudy.space/__cypress/runner/cypress_runner.js:153089:90)\n    at <unknown> (https://qauto2.forstudy.space/__cypress/runner/cypress_runner.js:135299:22)\n    at HTMLBodyElement.<anonymous> (https://qauto2.forstudy.space/__cypress/runner/cypress_runner.js:135440:23)\n    at jQuery.each (https://qauto2.forstudy.space/__cypress/runner/cypress_runner.js:7178:19)\n    at jQuery.fn.init.each (https://qauto2.forstudy.space/__cypress/runner/cypress_runner.js:7000:17)\n    at <unknown> (https://qauto2.forstudy.space/__cypress/runner/cypress_runner.js:135438:15)\n    at Object.subjectFn (https://qauto2.forstudy.space/__cypress/runner/cypress_runner.js:151931:16)\n    at $Cy.verifyUpcomingAssertions (https://qauto2.forstudy.space/__cypress/runner/cypress_runner.js:151259:31)\n    at onRetry (https://qauto2.forstudy.space/__cypress/runner/cypress_runner.js:151922:15)\n    at tryCatcher (https://qauto2.forstudy.space/__cypress/runner/cypress_runner.js:1777:23)\n    at Promise.attempt.Promise.try (https://qauto2.forstudy.space/__cypress/runner/cypress_runner.js:4285:29)\n    at whenStable (https://qauto2.forstudy.space/__cypress/runner/cypress_runner.js:151809:68)\n    at <unknown> (https://qauto2.forstudy.space/__cypress/runner/cypress_runner.js:151750:14)\n    at tryCatcher (https://qauto2.forstudy.space/__cypress/runner/cypress_runner.js:1777:23)\n    at Promise._settlePromiseFromHandler (https://qauto2.forstudy.space/__cypress/runner/cypress_runner.js:1489:31)\n    at Promise._settlePromise (https://qauto2.forstudy.space/__cypress/runner/cypress_runner.js:1546:18)\n    at Promise._settlePromise0 (https://qauto2.forstudy.space/__cypress/runner/cypress_runner.js:1591:10)\n    at Promise._settlePromises (https://qauto2.forstudy.space/__cypress/runner/cypress_runner.js:1671:18)\n    at Promise._fulfill (https://qauto2.forstudy.space/__cypress/runner/cypress_runner.js:1615:18)\n    at <unknown> (https://qauto2.forstudy.space/__cypress/runner/cypress_runner.js:5420:46)\nFrom Your Spec Code:\n    at Context.eval (webpack:///./cypress/support/commands.js:27:5)\n    at wrapped (https://qauto2.forstudy.space/__cypress/runner/cypress_runner.js:146104:43)",
                "diff": null
              },
              "uuid": "0f395c19-9cd9-4339-a26d-0f3dfe950d43",
              "parentUUID": "295e730b-3e82-492b-8341-8592a5a7e757",
              "isHook": false,
              "skipped": false
            }
          ],
          "suites": [],
          "passes": [],
          "failures": [
            "0f395c19-9cd9-4339-a26d-0f3dfe950d43"
          ],
          "pending": [],
          "skipped": [],
          "duration": 9146,
          "root": false,
          "rootEmpty": false,
          "_timeout": 2000
        }
      ],
      "passes": [],
      "failures": [],
      "pending": [],
      "skipped": [],
      "duration": 0,
      "root": true,
      "rootEmpty": true,
      "_timeout": 2000
    }
  ],
  "meta": {
    "mocha": {
      "version": "7.2.0"
    },
    "mochawesome": {
      "options": {
        "quiet": false,
        "reportFilename": "mochawesome",
        "saveHtml": true,
        "saveJson": true,
        "consoleReporter": "spec",
        "useInlineDiffs": false,
        "code": true
      },
      "version": "7.1.4"
    },
    "marge": {
      "options": {
        "reportDir": "cypress/reports",
        "overwrite": false,
        "html": true,
        "json": true
      },
      "version": "6.3.2"
    }
  }
}