{
  "stats": {
    "suites": 2,
    "tests": 19,
    "passes": 19,
    "pending": 0,
    "failures": 0,
    "start": "2026-01-27T12:30:36.957Z",
    "end": "2026-01-27T12:31:05.405Z",
    "duration": 28448,
    "testsRegistered": 19,
    "passPercent": 100,
    "pendingPercent": 0,
    "other": 0,
    "hasOther": false,
    "skipped": 0,
    "hasSkipped": false
  },
  "results": [
    {
      "uuid": "342eb2b6-a48f-437c-b0b1-42d922c3ae53",
      "title": "",
      "fullFile": "cypress\\e2e\\registration.cy.js",
      "file": "cypress\\e2e\\registration.cy.js",
      "beforeHooks": [],
      "afterHooks": [],
      "tests": [],
      "suites": [
        {
          "uuid": "ec8b6360-4497-4d24-8692-a72691ca3d86",
          "title": "Registration form - validation",
          "fullFile": "",
          "file": "",
          "beforeHooks": [],
          "afterHooks": [],
          "tests": [
            {
              "title": "All fields empty - errors and Registration disabled",
              "fullTitle": "Registration form - validation All fields empty - errors and Registration disabled",
              "timedOut": null,
              "duration": 1498,
              "state": "passed",
              "speed": "fast",
              "pass": true,
              "fail": false,
              "pending": false,
              "context": null,
              "code": "// mark fields as touched\ncy.get(\"#signupName\").click();\ncy.get(\"#signupLastName\").click();\ncy.get(\"#signupEmail\").click();\ncy.get(\"#signupPassword\").click();\ncy.get(\"#signupRepeatPassword\").click();\n// submit empty form\ncy.contains(\".modal-footer button\", \"Register\").click({\n  force: true\n});\n// verify error messages\ncy.contains(\"Name required\");\ncy.contains(\"Last name required\");\ncy.contains(\"Email required\");\ncy.contains(\"Password required\");\ncy.contains(\"Re-enter password\");\n// verify invalid classes\ncy.get(\"#signupName\").should(\"have.class\", \"is-invalid\");\ncy.get(\"#signupLastName\").should(\"have.class\", \"is-invalid\");\ncy.get(\"#signupEmail\").should(\"have.class\", \"is-invalid\");\ncy.get(\"#signupPassword\").should(\"have.class\", \"is-invalid\");\ncy.get(\"#signupRepeatPassword\").should(\"have.class\", \"is-invalid\");\n// Register button disabled\ncy.contains(\".modal-footer button\", \"Register\").should(\"be.disabled\");",
              "err": {},
              "uuid": "a6bebcff-776b-4028-b941-27f234cad292",
              "parentUUID": "ec8b6360-4497-4d24-8692-a72691ca3d86",
              "isHook": false,
              "skipped": false
            },
            {
              "title": "Name invalid symbols",
              "fullTitle": "Registration form - validation Name invalid symbols",
              "timedOut": null,
              "duration": 872,
              "state": "passed",
              "speed": "fast",
              "pass": true,
              "fail": false,
              "pending": false,
              "context": null,
              "code": "cy.get(\"#signupName\").type(\"12@\");\ncy.get(\"#signupLastName\").click();\ncy.contains(\"Name is invalid\");",
              "err": {},
              "uuid": "dabdd4ec-326e-4ecb-abc9-bdc21d3f6d06",
              "parentUUID": "ec8b6360-4497-4d24-8692-a72691ca3d86",
              "isHook": false,
              "skipped": false
            },
            {
              "title": "Name too short",
              "fullTitle": "Registration form - validation Name too short",
              "timedOut": null,
              "duration": 1018,
              "state": "passed",
              "speed": "fast",
              "pass": true,
              "fail": false,
              "pending": false,
              "context": null,
              "code": "cy.get(\"#signupName\").type(\"A\");\ncy.get(\"#signupLastName\").click();\ncy.contains(\"Name has to be from 2 to 20 characters long\");",
              "err": {},
              "uuid": "ab7a25f9-98e4-40b5-800a-22d69eb3baa8",
              "parentUUID": "ec8b6360-4497-4d24-8692-a72691ca3d86",
              "isHook": false,
              "skipped": false
            },
            {
              "title": "Name max length = 20 is valid",
              "fullTitle": "Registration form - validation Name max length = 20 is valid",
              "timedOut": null,
              "duration": 1314,
              "state": "passed",
              "speed": "fast",
              "pass": true,
              "fail": false,
              "pending": false,
              "context": null,
              "code": "cy.get(\"#signupName\").type(\"A\".repeat(20));\ncy.get(\"#signupLastName\").click();\ncy.get(\"#signupName\").should(\"not.have.class\", \"is-invalid\");",
              "err": {},
              "uuid": "4ea3d2db-e4f5-4bfb-bf16-4c966dcae698",
              "parentUUID": "ec8b6360-4497-4d24-8692-a72691ca3d86",
              "isHook": false,
              "skipped": false
            },
            {
              "title": "Name more than 20 characters shows error",
              "fullTitle": "Registration form - validation Name more than 20 characters shows error",
              "timedOut": null,
              "duration": 1213,
              "state": "passed",
              "speed": "fast",
              "pass": true,
              "fail": false,
              "pending": false,
              "context": null,
              "code": "cy.get(\"#signupName\").type(\"A\".repeat(21));\ncy.get(\"#signupLastName\").click();\ncy.contains(\"Name has to be from 2 to 20 characters long\");",
              "err": {},
              "uuid": "418d4e81-659b-4528-bbd8-910924791a50",
              "parentUUID": "ec8b6360-4497-4d24-8692-a72691ca3d86",
              "isHook": false,
              "skipped": false
            },
            {
              "title": "Name with spaces is invalid",
              "fullTitle": "Registration form - validation Name with spaces is invalid",
              "timedOut": null,
              "duration": 1129,
              "state": "passed",
              "speed": "fast",
              "pass": true,
              "fail": false,
              "pending": false,
              "context": null,
              "code": "cy.get(\"#signupName\").type(\"   Anna   \");\ncy.get(\"#signupLastName\").click();\ncy.get(\"#signupName\").should(\"have.class\", \"is-invalid\");",
              "err": {},
              "uuid": "4f21bcb4-480e-4aec-ba88-e37899a01e9c",
              "parentUUID": "ec8b6360-4497-4d24-8692-a72691ca3d86",
              "isHook": false,
              "skipped": false
            },
            {
              "title": "Last name invalid symbols",
              "fullTitle": "Registration form - validation Last name invalid symbols",
              "timedOut": null,
              "duration": 1061,
              "state": "passed",
              "speed": "fast",
              "pass": true,
              "fail": false,
              "pending": false,
              "context": null,
              "code": "cy.get(\"#signupLastName\").type(\"123\");\ncy.get(\"#signupName\").click();\ncy.contains(\"Last name is invalid\");",
              "err": {},
              "uuid": "d0dbd889-8a0e-4aaf-881a-2f02bad58022",
              "parentUUID": "ec8b6360-4497-4d24-8692-a72691ca3d86",
              "isHook": false,
              "skipped": false
            },
            {
              "title": "Last name too short",
              "fullTitle": "Registration form - validation Last name too short",
              "timedOut": null,
              "duration": 1037,
              "state": "passed",
              "speed": "fast",
              "pass": true,
              "fail": false,
              "pending": false,
              "context": null,
              "code": "cy.get(\"#signupLastName\").type(\"A\");\ncy.get(\"#signupName\").click();\ncy.contains(\"Last name has to be from 2 to 20 characters long\");",
              "err": {},
              "uuid": "47354166-aa1d-4a5a-954a-128b4b75f61e",
              "parentUUID": "ec8b6360-4497-4d24-8692-a72691ca3d86",
              "isHook": false,
              "skipped": false
            },
            {
              "title": "Last name too long",
              "fullTitle": "Registration form - validation Last name too long",
              "timedOut": null,
              "duration": 1345,
              "state": "passed",
              "speed": "fast",
              "pass": true,
              "fail": false,
              "pending": false,
              "context": null,
              "code": "cy.get(\"#signupLastName\").type(\"B\".repeat(21));\ncy.get(\"#signupName\").click();\ncy.contains(\"Last name has to be from 2 to 20 characters long\");",
              "err": {},
              "uuid": "727fd3da-0e43-4a34-b458-2590c9ccd494",
              "parentUUID": "ec8b6360-4497-4d24-8692-a72691ca3d86",
              "isHook": false,
              "skipped": false
            },
            {
              "title": "Last name with spaces is invalid",
              "fullTitle": "Registration form - validation Last name with spaces is invalid",
              "timedOut": null,
              "duration": 1168,
              "state": "passed",
              "speed": "fast",
              "pass": true,
              "fail": false,
              "pending": false,
              "context": null,
              "code": "cy.get(\"#signupLastName\").type(\"  Smith  \");\ncy.get(\"#signupName\").click();\ncy.get(\"#signupLastName\").should(\"have.class\", \"is-invalid\");",
              "err": {},
              "uuid": "6afd31f1-4570-4d8a-aa03-3c385e190d50",
              "parentUUID": "ec8b6360-4497-4d24-8692-a72691ca3d86",
              "isHook": false,
              "skipped": false
            },
            {
              "title": "Email invalid format",
              "fullTitle": "Registration form - validation Email invalid format",
              "timedOut": null,
              "duration": 1098,
              "state": "passed",
              "speed": "fast",
              "pass": true,
              "fail": false,
              "pending": false,
              "context": null,
              "code": "cy.get(\"#signupEmail\").type(\"test@@mail\");\ncy.get(\"#signupName\").click();\ncy.contains(\"Email is incorrect\");",
              "err": {},
              "uuid": "e10f5059-6a41-4988-b2f7-f214c295c2e5",
              "parentUUID": "ec8b6360-4497-4d24-8692-a72691ca3d86",
              "isHook": false,
              "skipped": false
            },
            {
              "title": "Email with spaces is invalid",
              "fullTitle": "Registration form - validation Email with spaces is invalid",
              "timedOut": null,
              "duration": 1267,
              "state": "passed",
              "speed": "fast",
              "pass": true,
              "fail": false,
              "pending": false,
              "context": null,
              "code": "cy.get(\"#signupEmail\").type(\"  test@mail.com  \");\ncy.get(\"#signupName\").click();\ncy.get(\"#signupEmail\").should(\"have.class\", \"is-invalid\");",
              "err": {},
              "uuid": "691e554b-0e63-4e16-a0bf-0adc2eb0d861",
              "parentUUID": "ec8b6360-4497-4d24-8692-a72691ca3d86",
              "isHook": false,
              "skipped": false
            },
            {
              "title": "Password invalid rules",
              "fullTitle": "Registration form - validation Password invalid rules",
              "timedOut": null,
              "duration": 1397,
              "state": "passed",
              "speed": "fast",
              "pass": true,
              "fail": false,
              "pending": false,
              "context": null,
              "code": "cy.get(\"#signupPassword\").type(\"abcdefg\", {\n  sensitive: true\n});\ncy.get(\"#signupName\").click();\ncy.contains(\"Password has to be from 8 to 15 characters long and contain at least one integer, one capital, and one small letter\");",
              "err": {},
              "uuid": "9b834950-8026-45c2-97b3-940bc5d7bab4",
              "parentUUID": "ec8b6360-4497-4d24-8692-a72691ca3d86",
              "isHook": false,
              "skipped": false
            },
            {
              "title": "Password min length = 8 is valid",
              "fullTitle": "Registration form - validation Password min length = 8 is valid",
              "timedOut": null,
              "duration": 1110,
              "state": "passed",
              "speed": "fast",
              "pass": true,
              "fail": false,
              "pending": false,
              "context": null,
              "code": "cy.get(\"#signupPassword\").type(\"Qwerty1a\", {\n  sensitive: true\n});\ncy.get(\"#signupName\").click();\ncy.get(\"#signupPassword\").should(\"not.have.class\", \"is-invalid\");",
              "err": {},
              "uuid": "1fff4d1b-fe41-4ca7-bf4f-6668bb15ce04",
              "parentUUID": "ec8b6360-4497-4d24-8692-a72691ca3d86",
              "isHook": false,
              "skipped": false
            },
            {
              "title": "Password max length = 15 is valid",
              "fullTitle": "Registration form - validation Password max length = 15 is valid",
              "timedOut": null,
              "duration": 1265,
              "state": "passed",
              "speed": "fast",
              "pass": true,
              "fail": false,
              "pending": false,
              "context": null,
              "code": "cy.get(\"#signupPassword\").type(\"Qwerty12345Abcd\", {\n  sensitive: true\n});\ncy.get(\"#signupName\").click();\ncy.get(\"#signupPassword\").should(\"not.have.class\", \"is-invalid\");",
              "err": {},
              "uuid": "2035023a-2f9c-4e63-9540-96492a5c733e",
              "parentUUID": "ec8b6360-4497-4d24-8692-a72691ca3d86",
              "isHook": false,
              "skipped": false
            },
            {
              "title": "Repeat password required when password is filled",
              "fullTitle": "Registration form - validation Repeat password required when password is filled",
              "timedOut": null,
              "duration": 1059,
              "state": "passed",
              "speed": "fast",
              "pass": true,
              "fail": false,
              "pending": false,
              "context": null,
              "code": "cy.get(\"#signupPassword\").type(\"Qwerty1a\", {\n  sensitive: true\n});\ncy.contains(\".modal-footer button\", \"Register\").click({\n  force: true\n});\ncy.contains(\"Re-enter password\");",
              "err": {},
              "uuid": "c47a3681-9f01-4f65-a711-cf5d5a8710cd",
              "parentUUID": "ec8b6360-4497-4d24-8692-a72691ca3d86",
              "isHook": false,
              "skipped": false
            },
            {
              "title": "Passwords do not match",
              "fullTitle": "Registration form - validation Passwords do not match",
              "timedOut": null,
              "duration": 1362,
              "state": "passed",
              "speed": "fast",
              "pass": true,
              "fail": false,
              "pending": false,
              "context": null,
              "code": "cy.get(\"#signupPassword\").type(\"Qwerty1a\", {\n  sensitive: true\n});\ncy.get(\"#signupRepeatPassword\").type(\"Qwerty2a\", {\n  sensitive: true\n});\ncy.get(\"#signupName\").click();\ncy.contains(\"Passwords do not match\");",
              "err": {},
              "uuid": "60ebc474-04a8-45d1-960d-d259f5bacbe5",
              "parentUUID": "ec8b6360-4497-4d24-8692-a72691ca3d86",
              "isHook": false,
              "skipped": false
            },
            {
              "title": "Register button enabled when form is valid",
              "fullTitle": "Registration form - validation Register button enabled when form is valid",
              "timedOut": null,
              "duration": 2434,
              "state": "passed",
              "speed": "fast",
              "pass": true,
              "fail": false,
              "pending": false,
              "context": null,
              "code": "cy.get(\"#signupName\").clear().type(\"Anna\");\ncy.get(\"#signupLastName\").clear().type(\"Smith\");\ncy.get(\"#signupEmail\").clear().type(generateEmail());\ncy.get(\"#signupPassword\").type(\"Qwerty1a\", {\n  sensitive: true\n});\ncy.get(\"#signupRepeatPassword\").type(\"Qwerty1a\", {\n  sensitive: true\n});\n// trigger validation\ncy.get(\".modal-title\").click();\n// verify Register button is enabled\ncy.contains(\".modal-footer button\", \"Register\", {\n  timeout: 10000\n}).should(\"be.enabled\");",
              "err": {},
              "uuid": "af5faa43-7cda-463b-b173-81f9370f33cb",
              "parentUUID": "ec8b6360-4497-4d24-8692-a72691ca3d86",
              "isHook": false,
              "skipped": false
            }
          ],
          "suites": [],
          "passes": [
            "a6bebcff-776b-4028-b941-27f234cad292",
            "dabdd4ec-326e-4ecb-abc9-bdc21d3f6d06",
            "ab7a25f9-98e4-40b5-800a-22d69eb3baa8",
            "4ea3d2db-e4f5-4bfb-bf16-4c966dcae698",
            "418d4e81-659b-4528-bbd8-910924791a50",
            "4f21bcb4-480e-4aec-ba88-e37899a01e9c",
            "d0dbd889-8a0e-4aaf-881a-2f02bad58022",
            "47354166-aa1d-4a5a-954a-128b4b75f61e",
            "727fd3da-0e43-4a34-b458-2590c9ccd494",
            "6afd31f1-4570-4d8a-aa03-3c385e190d50",
            "e10f5059-6a41-4988-b2f7-f214c295c2e5",
            "691e554b-0e63-4e16-a0bf-0adc2eb0d861",
            "9b834950-8026-45c2-97b3-940bc5d7bab4",
            "1fff4d1b-fe41-4ca7-bf4f-6668bb15ce04",
            "2035023a-2f9c-4e63-9540-96492a5c733e",
            "c47a3681-9f01-4f65-a711-cf5d5a8710cd",
            "60ebc474-04a8-45d1-960d-d259f5bacbe5",
            "af5faa43-7cda-463b-b173-81f9370f33cb"
          ],
          "failures": [],
          "pending": [],
          "skipped": [],
          "duration": 22647,
          "root": false,
          "rootEmpty": false,
          "_timeout": 2000
        },
        {
          "uuid": "17dfec96-27de-4543-b26a-eb59d67b5cdf",
          "title": "Successful registration and login",
          "fullFile": "",
          "file": "",
          "beforeHooks": [],
          "afterHooks": [],
          "tests": [
            {
              "title": "User can register, logout and login using custom command",
              "fullTitle": "Successful registration and login User can register, logout and login using custom command",
              "timedOut": null,
              "duration": 5134,
              "state": "passed",
              "speed": "medium",
              "pass": true,
              "fail": false,
              "pending": false,
              "context": null,
              "code": "const email = generateEmail();\nconst password = \"Qwerty1a\";\ncy.openApp();\ncy.contains(\"button\", \"Sign In\").click();\ncy.contains(\"button\", \"Registration\").click();\ncy.get(\"#signupName\").type(\"Lesia\");\ncy.get(\"#signupLastName\").type(\"Pavlenko\");\ncy.get(\"#signupEmail\").type(email);\ncy.get(\"#signupPassword\").type(password, {\n  sensitive: true\n});\ncy.get(\"#signupRepeatPassword\").type(password, {\n  sensitive: true\n});\ncy.get(\".modal-title\").click();\ncy.contains(\".modal-footer button\", \"Register\", {\n  timeout: 2000\n}).should(\"be.enabled\").click();\ncy.url().should(\"include\", \"/panel\");\n// open user menu\ncy.get(\"#userNavDropdown\").click();\ncy.contains(\"button\", \"Logout\").should(\"be.visible\").click();\n// login via custom command\ncy.login(email, password);",
              "err": {},
              "uuid": "c0eea6b2-9d86-4fe3-9765-32f6455ed169",
              "parentUUID": "17dfec96-27de-4543-b26a-eb59d67b5cdf",
              "isHook": false,
              "skipped": false
            }
          ],
          "suites": [],
          "passes": [
            "c0eea6b2-9d86-4fe3-9765-32f6455ed169"
          ],
          "failures": [],
          "pending": [],
          "skipped": [],
          "duration": 5134,
          "root": false,
          "rootEmpty": false,
          "_timeout": 2000
        }
      ],
      "passes": [],
      "failures": [],
      "pending": [],
      "skipped": [],
      "duration": 0,
      "root": true,
      "rootEmpty": true,
      "_timeout": 2000
    }
  ],
  "meta": {
    "mocha": {
      "version": "7.2.0"
    },
    "mochawesome": {
      "options": {
        "quiet": false,
        "reportFilename": "mochawesome",
        "saveHtml": true,
        "saveJson": true,
        "consoleReporter": "spec",
        "useInlineDiffs": false,
        "code": true
      },
      "version": "7.1.4"
    },
    "marge": {
      "options": {
        "reportDir": "cypress/reports",
        "overwrite": false,
        "html": true,
        "json": true
      },
      "version": "6.3.2"
    }
  }
}